<?xml version="1.0" encoding="UTF-8"?>
<!-- Generated by org.testng.reporters.JUnitReportReporter -->
<testsuite hostname="DESKTOP-95P0PH0" failures="0" tests="9" name="Assessment.API.integration.ApiNegativeTests" time="1.640" errors="0" timestamp="2025-02-19T22:51:59 EST" skipped="0">
  <testcase classname="Assessment.API.integration.ApiNegativeTests" name="testCreateBookingWithMissingFields" time="0.153"/>
  <testcase classname="Assessment.API.integration.ApiNegativeTests" name="testCreateBookingWithInvalidData" time="0.142"/>
  <testcase classname="Assessment.API.integration.ApiNegativeTests" name="testGetBookingWithInvalidId" time="0.143"/>
  <testcase classname="Assessment.API.integration.ApiNegativeTests" name="testGetBookingIdsWithInvalidDateFilter" time="0.160"/>
  <testcase classname="Assessment.API.integration.ApiNegativeTests" name="testUpdateNonExistentBooking" time="0.140"/>
  <testcase classname="Assessment.API.integration.ApiNegativeTests" name="testUpdateBookingWithInvalidData" time="0.312"/>
  <testcase classname="Assessment.API.integration.ApiNegativeTests" name="testPartialUpdateNonExistentBooking" time="0.168"/>
  <testcase classname="Assessment.API.integration.ApiNegativeTests" name="testPartialUpdateWithInvalidData" time="0.291"/>
  <testcase classname="Assessment.API.integration.ApiNegativeTests" name="testDeleteNonExistentBooking" time="0.131"/>
</testsuite> <!-- Assessment.API.integration.ApiNegativeTests -->
