<?xml version="1.0" encoding="UTF-8"?>
<!-- Generated by org.testng.reporters.JUnitReportReporter -->
<testsuite hostname="DESKTOP-95P0PH0" failures="0" tests="9" name="Assessment.API.e2e.BookingNegativeTests" time="1.754" errors="0" timestamp="2025-02-21T01:35:10 EST" skipped="0">
  <testcase classname="Assessment.API.e2e.BookingNegativeTests" name="testCreateBookingWithMissingFields" time="0.150"/>
  <testcase classname="Assessment.API.e2e.BookingNegativeTests" name="testCreateBookingWithInvalidData" time="0.140"/>
  <testcase classname="Assessment.API.e2e.BookingNegativeTests" name="testGetBookingWithInvalidId" time="0.141"/>
  <testcase classname="Assessment.API.e2e.BookingNegativeTests" name="testGetBookingIdsWithInvalidDateFilter" time="0.146"/>
  <testcase classname="Assessment.API.e2e.BookingNegativeTests" name="testUpdateNonExistentBooking" time="0.273"/>
  <testcase classname="Assessment.API.e2e.BookingNegativeTests" name="testUpdateBookingWithInvalidData" time="0.316"/>
  <testcase classname="Assessment.API.e2e.BookingNegativeTests" name="testPartialUpdateNonExistentBooking" time="0.144"/>
  <testcase classname="Assessment.API.e2e.BookingNegativeTests" name="testPartialUpdateWithInvalidData" time="0.310"/>
  <testcase classname="Assessment.API.e2e.BookingNegativeTests" name="testDeleteNonExistentBooking" time="0.134"/>
</testsuite> <!-- Assessment.API.e2e.BookingNegativeTests -->
