<?xml version="1.0" encoding="UTF-8"?>
<!-- Generated by org.testng.reporters.JUnitReportReporter -->
<testsuite hostname="DESKTOP-95P0PH0" failures="0" tests="9" name="Assessment.API.e2e.ApiNegativeTests" time="1.816" errors="0" timestamp="2025-02-20T00:13:21 EST" skipped="0">
  <testcase classname="Assessment.API.e2e.ApiNegativeTests" name="testCreateBookingWithMissingFields" time="0.161"/>
  <testcase classname="Assessment.API.e2e.ApiNegativeTests" name="testCreateBookingWithInvalidData" time="0.147"/>
  <testcase classname="Assessment.API.e2e.ApiNegativeTests" name="testGetBookingWithInvalidId" time="0.143"/>
  <testcase classname="Assessment.API.e2e.ApiNegativeTests" name="testGetBookingIdsWithInvalidDateFilter" time="0.153"/>
  <testcase classname="Assessment.API.e2e.ApiNegativeTests" name="testUpdateNonExistentBooking" time="0.285"/>
  <testcase classname="Assessment.API.e2e.ApiNegativeTests" name="testUpdateBookingWithInvalidData" time="0.317"/>
  <testcase classname="Assessment.API.e2e.ApiNegativeTests" name="testPartialUpdateNonExistentBooking" time="0.148"/>
  <testcase classname="Assessment.API.e2e.ApiNegativeTests" name="testPartialUpdateWithInvalidData" time="0.308"/>
  <testcase classname="Assessment.API.e2e.ApiNegativeTests" name="testDeleteNonExistentBooking" time="0.154"/>
</testsuite> <!-- Assessment.API.e2e.ApiNegativeTests -->
