<?xml version="1.0" encoding="UTF-8"?>
<!-- Generated by org.testng.reporters.JUnitReportReporter -->
<testsuite hostname="DESKTOP-95P0PH0" failures="0" tests="1" name="Assessment.API.e2e.TokenTest" time="0.561" errors="0" timestamp="2025-02-21T01:34:07 EST" skipped="0">
  <testcase classname="Assessment.API.e2e.TokenTest" name="testTokenCreation" time="0.561"/>
</testsuite> <!-- Assessment.API.e2e.TokenTest -->
