<?xml version="1.0" encoding="UTF-8"?>
<testsuite xmlns:xsi="http://www.w3.org/2001/XMLSchema-instance" xsi:noNamespaceSchemaLocation="https://maven.apache.org/surefire/maven-surefire-plugin/xsd/surefire-test-report.xsd" version="3.0.2" name="TestSuite" time="6.905" tests="21" errors="0" skipped="3" failures="1">
  <properties>
    <property name="java.specification.version" value="23"/>
    <property name="sun.cpu.isalist" value="amd64"/>
    <property name="sun.jnu.encoding" value="Cp1252"/>
    <property name="java.class.path" value="C:\Users\14435\Desktop\meDirectAssessment\API\target\test-classes;C:\Users\14435\Desktop\meDirectAssessment\API\target\classes;C:\Users\14435\.m2\repository\io\rest-assured\rest-assured\5.5.1\rest-assured-5.5.1.jar;C:\Users\14435\.m2\repository\org\apache\groovy\groovy\4.0.22\groovy-4.0.22.jar;C:\Users\14435\.m2\repository\org\apache\groovy\groovy-xml\4.0.22\groovy-xml-4.0.22.jar;C:\Users\14435\.m2\repository\org\apache\httpcomponents\httpclient\4.5.13\httpclient-4.5.13.jar;C:\Users\14435\.m2\repository\org\apache\httpcomponents\httpcore\4.4.13\httpcore-4.4.13.jar;C:\Users\14435\.m2\repository\commons-logging\commons-logging\1.2\commons-logging-1.2.jar;C:\Users\14435\.m2\repository\commons-codec\commons-codec\1.11\commons-codec-1.11.jar;C:\Users\14435\.m2\repository\org\apache\httpcomponents\httpmime\4.5.13\httpmime-4.5.13.jar;C:\Users\14435\.m2\repository\org\hamcrest\hamcrest\2.2\hamcrest-2.2.jar;C:\Users\14435\.m2\repository\org\ccil\cowan\tagsoup\tagsoup\1.2.1\tagsoup-1.2.1.jar;C:\Users\14435\.m2\repository\io\rest-assured\json-path\5.5.1\json-path-5.5.1.jar;C:\Users\14435\.m2\repository\org\apache\groovy\groovy-json\4.0.22\groovy-json-4.0.22.jar;C:\Users\14435\.m2\repository\io\rest-assured\rest-assured-common\5.5.1\rest-assured-common-5.5.1.jar;C:\Users\14435\.m2\repository\io\rest-assured\xml-path\5.5.1\xml-path-5.5.1.jar;C:\Users\14435\.m2\repository\org\apache\commons\commons-lang3\3.16.0\commons-lang3-3.16.0.jar;C:\Users\14435\.m2\repository\org\testng\testng\7.11.0\testng-7.11.0.jar;C:\Users\14435\.m2\repository\org\slf4j\slf4j-api\2.0.16\slf4j-api-2.0.16.jar;C:\Users\14435\.m2\repository\org\jcommander\jcommander\1.83\jcommander-1.83.jar;C:\Users\14435\.m2\repository\org\webjars\jquery\3.7.1\jquery-3.7.1.jar;C:\Users\14435\.m2\repository\com\google\code\gson\gson\2.12.1\gson-2.12.1.jar;C:\Users\14435\.m2\repository\com\google\errorprone\error_prone_annotations\2.36.0\error_prone_annotations-2.36.0.jar;C:\Users\14435\.m2\repository\org\mockito\mockito-core\5.15.2\mockito-core-5.15.2.jar;C:\Users\14435\.m2\repository\net\bytebuddy\byte-buddy\1.15.11\byte-buddy-1.15.11.jar;C:\Users\14435\.m2\repository\net\bytebuddy\byte-buddy-agent\1.15.11\byte-buddy-agent-1.15.11.jar;C:\Users\14435\.m2\repository\org\objenesis\objenesis\3.3\objenesis-3.3.jar;C:\Users\14435\.m2\repository\com\fasterxml\jackson\core\jackson-databind\2.18.2\jackson-databind-2.18.2.jar;C:\Users\14435\.m2\repository\com\fasterxml\jackson\core\jackson-annotations\2.18.2\jackson-annotations-2.18.2.jar;C:\Users\14435\.m2\repository\com\fasterxml\jackson\core\jackson-core\2.18.2\jackson-core-2.18.2.jar;C:\Users\14435\.m2\repository\org\projectlombok\lombok\1.18.36\lombok-1.18.36.jar;C:\Users\14435\.m2\repository\com\aventstack\extentreports\5.1.2\extentreports-5.1.2.jar;C:\Users\14435\.m2\repository\io\reactivex\rxjava3\rxjava\3.1.6\rxjava-3.1.6.jar;C:\Users\14435\.m2\repository\org\reactivestreams\reactive-streams\1.0.4\reactive-streams-1.0.4.jar;C:\Users\14435\.m2\repository\org\freemarker\freemarker\2.3.32\freemarker-2.3.32.jar;C:\Users\14435\.m2\repository\org\apache\logging\log4j\log4j-api\2.3.2\log4j-api-2.3.2.jar;C:\Users\14435\.m2\repository\org\apache\logging\log4j\log4j-core\2.3.2\log4j-core-2.3.2.jar;"/>
    <property name="java.vm.vendor" value="Oracle Corporation"/>
    <property name="sun.arch.data.model" value="64"/>
    <property name="user.variant" value=""/>
    <property name="java.vendor.url" value="https://java.oracle.com/"/>
    <property name="user.timezone" value="America/New_York"/>
    <property name="os.name" value="Windows 11"/>
    <property name="java.vm.specification.version" value="23"/>
    <property name="sun.java.launcher" value="SUN_STANDARD"/>
    <property name="user.country" value="US"/>
    <property name="sun.boot.library.path" value="C:\Users\14435\jdk-23.0.1\bin"/>
    <property name="sun.java.command" value="C:\Users\14435\AppData\Local\Temp\surefire5705874675314800511\surefirebooter-20250221013400637_3.jar C:\Users\14435\AppData\Local\Temp\surefire5705874675314800511 2025-02-21T01-34-00_553-jvmRun1 surefire-20250221013400637_1tmp surefire_0-20250221013400637_2tmp"/>
    <property name="jdk.debug" value="release"/>
    <property name="surefire.test.class.path" value="C:\Users\14435\Desktop\meDirectAssessment\API\target\test-classes;C:\Users\14435\Desktop\meDirectAssessment\API\target\classes;C:\Users\14435\.m2\repository\io\rest-assured\rest-assured\5.5.1\rest-assured-5.5.1.jar;C:\Users\14435\.m2\repository\org\apache\groovy\groovy\4.0.22\groovy-4.0.22.jar;C:\Users\14435\.m2\repository\org\apache\groovy\groovy-xml\4.0.22\groovy-xml-4.0.22.jar;C:\Users\14435\.m2\repository\org\apache\httpcomponents\httpclient\4.5.13\httpclient-4.5.13.jar;C:\Users\14435\.m2\repository\org\apache\httpcomponents\httpcore\4.4.13\httpcore-4.4.13.jar;C:\Users\14435\.m2\repository\commons-logging\commons-logging\1.2\commons-logging-1.2.jar;C:\Users\14435\.m2\repository\commons-codec\commons-codec\1.11\commons-codec-1.11.jar;C:\Users\14435\.m2\repository\org\apache\httpcomponents\httpmime\4.5.13\httpmime-4.5.13.jar;C:\Users\14435\.m2\repository\org\hamcrest\hamcrest\2.2\hamcrest-2.2.jar;C:\Users\14435\.m2\repository\org\ccil\cowan\tagsoup\tagsoup\1.2.1\tagsoup-1.2.1.jar;C:\Users\14435\.m2\repository\io\rest-assured\json-path\5.5.1\json-path-5.5.1.jar;C:\Users\14435\.m2\repository\org\apache\groovy\groovy-json\4.0.22\groovy-json-4.0.22.jar;C:\Users\14435\.m2\repository\io\rest-assured\rest-assured-common\5.5.1\rest-assured-common-5.5.1.jar;C:\Users\14435\.m2\repository\io\rest-assured\xml-path\5.5.1\xml-path-5.5.1.jar;C:\Users\14435\.m2\repository\org\apache\commons\commons-lang3\3.16.0\commons-lang3-3.16.0.jar;C:\Users\14435\.m2\repository\org\testng\testng\7.11.0\testng-7.11.0.jar;C:\Users\14435\.m2\repository\org\slf4j\slf4j-api\2.0.16\slf4j-api-2.0.16.jar;C:\Users\14435\.m2\repository\org\jcommander\jcommander\1.83\jcommander-1.83.jar;C:\Users\14435\.m2\repository\org\webjars\jquery\3.7.1\jquery-3.7.1.jar;C:\Users\14435\.m2\repository\com\google\code\gson\gson\2.12.1\gson-2.12.1.jar;C:\Users\14435\.m2\repository\com\google\errorprone\error_prone_annotations\2.36.0\error_prone_annotations-2.36.0.jar;C:\Users\14435\.m2\repository\org\mockito\mockito-core\5.15.2\mockito-core-5.15.2.jar;C:\Users\14435\.m2\repository\net\bytebuddy\byte-buddy\1.15.11\byte-buddy-1.15.11.jar;C:\Users\14435\.m2\repository\net\bytebuddy\byte-buddy-agent\1.15.11\byte-buddy-agent-1.15.11.jar;C:\Users\14435\.m2\repository\org\objenesis\objenesis\3.3\objenesis-3.3.jar;C:\Users\14435\.m2\repository\com\fasterxml\jackson\core\jackson-databind\2.18.2\jackson-databind-2.18.2.jar;C:\Users\14435\.m2\repository\com\fasterxml\jackson\core\jackson-annotations\2.18.2\jackson-annotations-2.18.2.jar;C:\Users\14435\.m2\repository\com\fasterxml\jackson\core\jackson-core\2.18.2\jackson-core-2.18.2.jar;C:\Users\14435\.m2\repository\org\projectlombok\lombok\1.18.36\lombok-1.18.36.jar;C:\Users\14435\.m2\repository\com\aventstack\extentreports\5.1.2\extentreports-5.1.2.jar;C:\Users\14435\.m2\repository\io\reactivex\rxjava3\rxjava\3.1.6\rxjava-3.1.6.jar;C:\Users\14435\.m2\repository\org\reactivestreams\reactive-streams\1.0.4\reactive-streams-1.0.4.jar;C:\Users\14435\.m2\repository\org\freemarker\freemarker\2.3.32\freemarker-2.3.32.jar;C:\Users\14435\.m2\repository\org\apache\logging\log4j\log4j-api\2.3.2\log4j-api-2.3.2.jar;C:\Users\14435\.m2\repository\org\apache\logging\log4j\log4j-core\2.3.2\log4j-core-2.3.2.jar;"/>
    <property name="sun.cpu.endian" value="little"/>
    <property name="user.home" value="C:\Users\14435"/>
    <property name="user.language" value="en"/>
    <property name="java.specification.vendor" value="Oracle Corporation"/>
    <property name="java.version.date" value="2024-10-15"/>
    <property name="java.home" value="C:\Users\14435\jdk-23.0.1"/>
    <property name="file.separator" value="\"/>
    <property name="basedir" value="C:\Users\14435\Desktop\meDirectAssessment\API"/>
    <property name="java.vm.compressedOopsMode" value="Zero based"/>
    <property name="line.separator" value="&#10;"/>
    <property name="java.vm.specification.vendor" value="Oracle Corporation"/>
    <property name="java.specification.name" value="Java Platform API Specification"/>
    <property name="surefire.real.class.path" value="C:\Users\14435\AppData\Local\Temp\surefire5705874675314800511\surefirebooter-20250221013400637_3.jar"/>
    <property name="user.script" value=""/>
    <property name="sun.management.compiler" value="HotSpot 64-Bit Tiered Compilers"/>
    <property name="java.runtime.version" value="23.0.1+11-39"/>
    <property name="user.name" value="14435"/>
    <property name="stdout.encoding" value="Cp1252"/>
    <property name="path.separator" value=";"/>
    <property name="os.version" value="10.0"/>
    <property name="java.runtime.name" value="OpenJDK Runtime Environment"/>
    <property name="file.encoding" value="UTF-8"/>
    <property name="java.vm.name" value="OpenJDK 64-Bit Server VM"/>
    <property name="localRepository" value="C:\Users\14435\.m2\repository"/>
    <property name="java.vendor.url.bug" value="https://bugreport.java.com/bugreport/"/>
    <property name="java.io.tmpdir" value="C:\Users\14435\AppData\Local\Temp\"/>
    <property name="java.version" value="23.0.1"/>
    <property name="user.dir" value="C:\Users\14435\Desktop\meDirectAssessment\API"/>
    <property name="os.arch" value="amd64"/>
    <property name="java.vm.specification.name" value="Java Virtual Machine Specification"/>
    <property name="sun.os.patch.level" value=""/>
    <property name="native.encoding" value="Cp1252"/>
    <property name="java.library.path" value="C:\Users\14435\jdk-23.0.1\bin;C:\WINDOWS\Sun\Java\bin;C:\WINDOWS\system32;C:\WINDOWS;C:\WINDOWS\system32;C:\WINDOWS;C:\WINDOWS\System32\Wbem;C:\WINDOWS\System32\WindowsPowerShell\v1.0\;C:\WINDOWS\System32\OpenSSH\;C:\Program Files\Microsoft SQL Server\150\Tools\Binn\;C:\Program Files\Microsoft SQL Server\Client SDK\ODBC\170\Tools\Binn\;C:\Program Files\dotnet\;C:\Users\14435\jdk-23.0.1\bin;C:\Program Files\Git\cmd;C:\Users\14435\AppData\Local\Microsoft\WindowsApps;C:\Users\14435\.dotnet\tools;C:\Program Files\Maven\apache-maven-3.9.9\bin;;."/>
    <property name="java.vm.info" value="mixed mode, sharing"/>
    <property name="stderr.encoding" value="Cp1252"/>
    <property name="java.vendor" value="Oracle Corporation"/>
    <property name="java.vm.version" value="23.0.1+11-39"/>
    <property name="sun.io.unicode.encoding" value="UnicodeLittle"/>
    <property name="java.class.version" value="67.0"/>
  </properties>
  <testcase name="testTokenCreation" classname="Assessment.API.e2e.TokenTest" time="0.567">
    <system-err><![CDATA[SLF4J(W): No SLF4J providers were found.
SLF4J(W): Defaulting to no-operation (NOP) logger implementation
SLF4J(W): See https://www.slf4j.org/codes.html#noProviders for further details.
]]></system-err>
  </testcase>
  <testcase name="testCreateBooking" classname="Assessment.API.e2e.BookingPositiveTests" time="0.365"/>
  <testcase name="testGetBooking" classname="Assessment.API.e2e.BookingPositiveTests" time="0.143"/>
  <testcase name="testGetAllBookings" classname="Assessment.API.e2e.BookingPositiveTests" time="0.184"/>
  <testcase name="testGetBookingsWithNameFilters" classname="Assessment.API.e2e.BookingPositiveTests" time="0.148"/>
  <testcase name="testGetBookingsWithDateFilters" classname="Assessment.API.e2e.BookingPositiveTests" time="0.0">
    <skipped message="The following asserts failed:&#10;	No bookings found with the specified date filters! expected [true] but found [false],&#10;	Previously added booking ID not found in the response! expected [true] but found [false]"/>
  </testcase>
  <testcase name="testGetBookingsWithDateFilters" classname="Assessment.API.e2e.BookingPositiveTests" time="0.0">
    <skipped message="The following asserts failed:&#10;	No bookings found with the specified date filters! expected [true] but found [false],&#10;	Previously added booking ID not found in the response! expected [true] but found [false]"/>
  </testcase>
  <testcase name="testGetBookingsWithDateFilters" classname="Assessment.API.e2e.BookingPositiveTests" time="0.0">
    <skipped message="The following asserts failed:&#10;	No bookings found with the specified date filters! expected [true] but found [false],&#10;	Previously added booking ID not found in the response! expected [true] but found [false]"/>
  </testcase>
  <testcase name="testGetBookingsWithDateFilters" classname="Assessment.API.e2e.BookingPositiveTests" time="0.151">
    <failure message="The following asserts failed:&#10;	No bookings found with the specified date filters! expected [true] but found [false],&#10;	Previously added booking ID not found in the response! expected [true] but found [false]" type="java.lang.AssertionError"><![CDATA[java.lang.AssertionError: 
The following asserts failed:
	No bookings found with the specified date filters! expected [true] but found [false],
	Previously added booking ID not found in the response! expected [true] but found [false]
	at org.testng.asserts.SoftAssert.assertAll(SoftAssert.java:46)
	at org.testng.asserts.SoftAssert.assertAll(SoftAssert.java:30)
	at Assessment.API.e2e.BookingPositiveTests.testGetBookingsWithDateFilters(BookingPositiveTests.java:149)
	at java.base/jdk.internal.reflect.DirectMethodHandleAccessor.invoke(DirectMethodHandleAccessor.java:103)
	at java.base/java.lang.reflect.Method.invoke(Method.java:580)
	at org.testng.internal.invokers.MethodInvocationHelper.invokeMethod(MethodInvocationHelper.java:141)
	at org.testng.internal.invokers.TestInvoker.invokeMethod(TestInvoker.java:687)
	at org.testng.internal.invokers.TestInvoker.retryFailed(TestInvoker.java:269)
	at org.testng.internal.invokers.MethodRunner.runInSequence(MethodRunner.java:76)
	at org.testng.internal.invokers.TestInvoker$MethodInvocationAgent.invoke(TestInvoker.java:995)
	at org.testng.internal.invokers.TestInvoker.invokeTestMethods(TestInvoker.java:203)
	at org.testng.internal.invokers.TestMethodWorker.invokeTestMethods(TestMethodWorker.java:154)
	at org.testng.internal.invokers.TestMethodWorker.run(TestMethodWorker.java:134)
	at java.base/java.util.ArrayList.forEach(ArrayList.java:1597)
	at org.testng.TestRunner.privateRun(TestRunner.java:741)
	at org.testng.TestRunner.run(TestRunner.java:616)
	at org.testng.SuiteRunner.runTest(SuiteRunner.java:421)
	at org.testng.SuiteRunner.runSequentially(SuiteRunner.java:413)
	at org.testng.SuiteRunner.privateRun(SuiteRunner.java:373)
	at org.testng.SuiteRunner.run(SuiteRunner.java:312)
	at org.testng.SuiteRunnerWorker.runSuite(SuiteRunnerWorker.java:52)
	at org.testng.SuiteRunnerWorker.run(SuiteRunnerWorker.java:95)
	at org.testng.TestNG.runSuitesSequentially(TestNG.java:1274)
	at org.testng.TestNG.runSuitesLocally(TestNG.java:1208)
	at org.testng.TestNG.runSuites(TestNG.java:1112)
	at org.testng.TestNG.run(TestNG.java:1079)
	at org.apache.maven.surefire.testng.TestNGExecutor.run(TestNGExecutor.java:308)
	at org.apache.maven.surefire.testng.TestNGXmlTestSuite.execute(TestNGXmlTestSuite.java:71)
	at org.apache.maven.surefire.testng.TestNGProvider.invoke(TestNGProvider.java:113)
	at org.apache.maven.surefire.booter.ForkedBooter.runSuitesInProcess(ForkedBooter.java:385)
	at org.apache.maven.surefire.booter.ForkedBooter.execute(ForkedBooter.java:162)
	at org.apache.maven.surefire.booter.ForkedBooter.run(ForkedBooter.java:507)
	at org.apache.maven.surefire.booter.ForkedBooter.main(ForkedBooter.java:495)
]]></failure>
  </testcase>
  <testcase name="testUpdateBooking" classname="Assessment.API.e2e.BookingPositiveTests" time="0.289"/>
  <testcase name="testPartailUpdateBooking" classname="Assessment.API.e2e.BookingPositiveTests" time="0.295"/>
  <testcase name="testDeleteBooking" classname="Assessment.API.e2e.BookingPositiveTests" time="0.274"/>
  <testcase name="testCreateBookingWithMissingFields" classname="Assessment.API.e2e.BookingNegativeTests" time="0.139"/>
  <testcase name="testCreateBookingWithInvalidData" classname="Assessment.API.e2e.BookingNegativeTests" time="0.146"/>
  <testcase name="testGetBookingWithInvalidId" classname="Assessment.API.e2e.BookingNegativeTests" time="0.141"/>
  <testcase name="testGetBookingIdsWithInvalidDateFilter" classname="Assessment.API.e2e.BookingNegativeTests" time="0.158"/>
  <testcase name="testUpdateNonExistentBooking" classname="Assessment.API.e2e.BookingNegativeTests" time="0.278"/>
  <testcase name="testUpdateBookingWithInvalidData" classname="Assessment.API.e2e.BookingNegativeTests" time="0.299"/>
  <testcase name="testPartialUpdateNonExistentBooking" classname="Assessment.API.e2e.BookingNegativeTests" time="0.137"/>
  <testcase name="testPartialUpdateWithInvalidData" classname="Assessment.API.e2e.BookingNegativeTests" time="0.296"/>
  <testcase name="testDeleteNonExistentBooking" classname="Assessment.API.e2e.BookingNegativeTests" time="0.133"/>
</testsuite>