<?xml version="1.0" encoding="UTF-8"?>
<!-- Generated by org.testng.reporters.JUnitReportReporter -->
<testsuite hostname="DESKTOP-95P0PH0" failures="0" tests="3" name="Assessment.UI.tests.EquitiesTest" time="10.728" errors="0" timestamp="2025-02-21T01:32:31 EST" skipped="0">
  <testcase classname="Assessment.UI.tests.EquitiesTest" name="testEquitiesTabHasDataInTable" time="2.683"/>
  <testcase classname="Assessment.UI.tests.EquitiesTest" name="testSearchNonExistingEquity" time="3.538"/>
  <testcase classname="Assessment.UI.tests.EquitiesTest" name="testEquitySearchAndDetails" time="4.507"/>
</testsuite> <!-- Assessment.UI.tests.EquitiesTest -->
