<?xml version="1.0" encoding="UTF-8"?>
<!-- Generated by org.testng.reporters.JUnitReportReporter -->
<testsuite hostname="DESKTOP-95P0PH0" failures="0" tests="1" name="Assessment.UI.tests.NavigationTest" time="7.204" errors="0" timestamp="2025-02-21T01:32:31 EST" skipped="0">
  <testcase classname="Assessment.UI.tests.NavigationTest" name="testNavigation" time="7.204"/>
</testsuite> <!-- Assessment.UI.tests.NavigationTest -->
